六月 18, 2018 12:57:59 下午 parser.Parser startParsing
信息: 下推栈顶和token值不相等,开始匹配并替换非终结符！要查的表项为：[program, {] 
六月 18, 2018 12:57:59 下午 parser.Parser startParsing
信息: 表命中了！替换之前， stack is: program ,token list is: { i = 10 ; j = 100 ; n = 1 ; sum = 0 ; mult = 1 ; }   
六月 18, 2018 12:57:59 下午 parser.Parser startParsing
信息: 表命中了！使用产生式：    program -> compoundstmt
六月 18, 2018 12:57:59 下午 parser.Parser startParsing
信息: 表命中了！替换之后， stack is: compoundstmt ,token list is: { i = 10 ; j = 100 ; n = 1 ; sum = 0 ; mult = 1 ; }   

六月 18, 2018 12:57:59 下午 parser.Parser startParsing
信息: 下推栈顶和token值不相等,开始匹配并替换非终结符！要查的表项为：[compoundstmt, {] 
六月 18, 2018 12:57:59 下午 parser.Parser startParsing
信息: 表命中了！替换之前， stack is: compoundstmt ,token list is: { i = 10 ; j = 100 ; n = 1 ; sum = 0 ; mult = 1 ; }   
六月 18, 2018 12:57:59 下午 parser.Parser startParsing
信息: 表命中了！使用产生式：    compoundstmt -> { stmts }
六月 18, 2018 12:57:59 下午 parser.Parser startParsing
信息: 表命中了！替换之后， stack is: } stmts { ,token list is: { i = 10 ; j = 100 ; n = 1 ; sum = 0 ; mult = 1 ; }   

六月 18, 2018 12:57:59 下午 parser.Parser startParsing
信息: stack is:   } stmts { ,   token list is:  { i = 10 ; j = 100 ; n = 1 ; sum = 0 ; mult = 1 ; }  
六月 18, 2018 12:57:59 下午 parser.Parser startParsing
信息: 栈顶值和token值相等，消！the value is { 

六月 18, 2018 12:57:59 下午 parser.Parser startParsing
信息: 下推栈顶和token值不相等,开始匹配并替换非终结符！要查的表项为：[stmts, ID] 
六月 18, 2018 12:57:59 下午 parser.Parser startParsing
信息: 表命中了！替换之前， stack is: } stmts ,token list is: i = 10 ; j = 100 ; n = 1 ; sum = 0 ; mult = 1 ; }   
六月 18, 2018 12:57:59 下午 parser.Parser startParsing
信息: 表命中了！使用产生式：    stmts -> stmt stmts
六月 18, 2018 12:57:59 下午 parser.Parser startParsing
信息: 表命中了！替换之后， stack is: } stmts stmt ,token list is: i = 10 ; j = 100 ; n = 1 ; sum = 0 ; mult = 1 ; }   

六月 18, 2018 12:57:59 下午 parser.Parser startParsing
信息: 下推栈顶和token值不相等,开始匹配并替换非终结符！要查的表项为：[stmt, ID] 
六月 18, 2018 12:57:59 下午 parser.Parser startParsing
信息: 表命中了！替换之前， stack is: } stmts stmt ,token list is: i = 10 ; j = 100 ; n = 1 ; sum = 0 ; mult = 1 ; }   
六月 18, 2018 12:57:59 下午 parser.Parser startParsing
信息: 表命中了！使用产生式：    stmt -> assgstmt
六月 18, 2018 12:57:59 下午 parser.Parser startParsing
信息: 表命中了！替换之后， stack is: } stmts assgstmt ,token list is: i = 10 ; j = 100 ; n = 1 ; sum = 0 ; mult = 1 ; }   

六月 18, 2018 12:57:59 下午 parser.Parser startParsing
信息: 下推栈顶和token值不相等,开始匹配并替换非终结符！要查的表项为：[assgstmt, ID] 
六月 18, 2018 12:57:59 下午 parser.Parser startParsing
信息: 表命中了！替换之前， stack is: } stmts assgstmt ,token list is: i = 10 ; j = 100 ; n = 1 ; sum = 0 ; mult = 1 ; }   
六月 18, 2018 12:57:59 下午 parser.Parser startParsing
信息: 表命中了！使用产生式：    assgstmt -> ID = arithexpr ;
六月 18, 2018 12:57:59 下午 parser.Parser startParsing
信息: 表命中了！替换之后， stack is: } stmts ; arithexpr = ID ,token list is: i = 10 ; j = 100 ; n = 1 ; sum = 0 ; mult = 1 ; }   

六月 18, 2018 12:57:59 下午 parser.Parser startParsing
信息: stack is:   } stmts ; arithexpr = ID ,   token list is:  i = 10 ; j = 100 ; n = 1 ; sum = 0 ; mult = 1 ; }  
六月 18, 2018 12:57:59 下午 parser.Parser startParsing
信息: 栈顶值和token值相等，消！the value is ID 

六月 18, 2018 12:57:59 下午 parser.Parser startParsing
信息: stack is:   } stmts ; arithexpr = ,   token list is:  = 10 ; j = 100 ; n = 1 ; sum = 0 ; mult = 1 ; }  
六月 18, 2018 12:57:59 下午 parser.Parser startParsing
信息: 栈顶值和token值相等，消！the value is = 

六月 18, 2018 12:57:59 下午 parser.Parser startParsing
信息: 下推栈顶和token值不相等,开始匹配并替换非终结符！要查的表项为：[arithexpr, NUM] 
六月 18, 2018 12:57:59 下午 parser.Parser startParsing
信息: 表命中了！替换之前， stack is: } stmts ; arithexpr ,token list is: 10 ; j = 100 ; n = 1 ; sum = 0 ; mult = 1 ; }   
六月 18, 2018 12:57:59 下午 parser.Parser startParsing
信息: 表命中了！使用产生式：    arithexpr -> multexpr arithexprprime
六月 18, 2018 12:57:59 下午 parser.Parser startParsing
信息: 表命中了！替换之后， stack is: } stmts ; arithexprprime multexpr ,token list is: 10 ; j = 100 ; n = 1 ; sum = 0 ; mult = 1 ; }   

六月 18, 2018 12:57:59 下午 parser.Parser startParsing
信息: 下推栈顶和token值不相等,开始匹配并替换非终结符！要查的表项为：[multexpr, NUM] 
六月 18, 2018 12:57:59 下午 parser.Parser startParsing
信息: 表命中了！替换之前， stack is: } stmts ; arithexprprime multexpr ,token list is: 10 ; j = 100 ; n = 1 ; sum = 0 ; mult = 1 ; }   
六月 18, 2018 12:57:59 下午 parser.Parser startParsing
信息: 表命中了！使用产生式：    multexpr -> simpleexpr multexprprime
六月 18, 2018 12:57:59 下午 parser.Parser startParsing
信息: 表命中了！替换之后， stack is: } stmts ; arithexprprime multexprprime simpleexpr ,token list is: 10 ; j = 100 ; n = 1 ; sum = 0 ; mult = 1 ; }   

六月 18, 2018 12:57:59 下午 parser.Parser startParsing
信息: 下推栈顶和token值不相等,开始匹配并替换非终结符！要查的表项为：[simpleexpr, NUM] 
六月 18, 2018 12:57:59 下午 parser.Parser startParsing
信息: 表命中了！替换之前， stack is: } stmts ; arithexprprime multexprprime simpleexpr ,token list is: 10 ; j = 100 ; n = 1 ; sum = 0 ; mult = 1 ; }   
六月 18, 2018 12:57:59 下午 parser.Parser startParsing
信息: 表命中了！使用产生式：    simpleexpr -> NUM
六月 18, 2018 12:57:59 下午 parser.Parser startParsing
信息: 表命中了！替换之后， stack is: } stmts ; arithexprprime multexprprime NUM ,token list is: 10 ; j = 100 ; n = 1 ; sum = 0 ; mult = 1 ; }   

六月 18, 2018 12:57:59 下午 parser.Parser startParsing
信息: stack is:   } stmts ; arithexprprime multexprprime NUM ,   token list is:  10 ; j = 100 ; n = 1 ; sum = 0 ; mult = 1 ; }  
六月 18, 2018 12:57:59 下午 parser.Parser startParsing
信息: 栈顶值和token值相等，消！the value is NUM 

六月 18, 2018 12:57:59 下午 parser.Parser startParsing
信息: 下推栈顶和token值不相等,开始匹配并替换非终结符！要查的表项为：[multexprprime, ;] 
六月 18, 2018 12:57:59 下午 parser.Parser startParsing
信息: 表命中了！替换之前， stack is: } stmts ; arithexprprime multexprprime ,token list is: ; j = 100 ; n = 1 ; sum = 0 ; mult = 1 ; }   
六月 18, 2018 12:57:59 下午 parser.Parser startParsing
信息: 表命中了！使用产生式：    multexprprime -> none
六月 18, 2018 12:57:59 下午 parser.Parser startParsing
信息: 表命中了！替换之后， stack is: } stmts ; arithexprprime ,token list is: ; j = 100 ; n = 1 ; sum = 0 ; mult = 1 ; }   

六月 18, 2018 12:57:59 下午 parser.Parser startParsing
信息: 下推栈顶和token值不相等,开始匹配并替换非终结符！要查的表项为：[arithexprprime, ;] 
六月 18, 2018 12:57:59 下午 parser.Parser startParsing
信息: 表命中了！替换之前， stack is: } stmts ; arithexprprime ,token list is: ; j = 100 ; n = 1 ; sum = 0 ; mult = 1 ; }   
六月 18, 2018 12:57:59 下午 parser.Parser startParsing
信息: 表命中了！使用产生式：    arithexprprime -> none
六月 18, 2018 12:57:59 下午 parser.Parser startParsing
信息: 表命中了！替换之后， stack is: } stmts ; ,token list is: ; j = 100 ; n = 1 ; sum = 0 ; mult = 1 ; }   

六月 18, 2018 12:57:59 下午 parser.Parser startParsing
信息: stack is:   } stmts ; ,   token list is:  ; j = 100 ; n = 1 ; sum = 0 ; mult = 1 ; }  
六月 18, 2018 12:57:59 下午 parser.Parser startParsing
信息: 栈顶值和token值相等，消！the value is ; 

